# JRE version: OpenJDK Runtime Environment (24.0.1+9) (build 24.0.1+9-30)
# Java VM: OpenJDK 64-Bit Server VM (24.0.1+9-30, mixed mode, sharing, tiered, compressed oops, compressed class ptrs, g1 gc, windows-amd64)
GC Precious Log:
 CardTable entry size: 512
 Card Set container configuration: InlinePtr #cards 4 size 8 Array Of Cards #cards 16 size 48 Howl #buckets 8 coarsen threshold 3686 Howl Bitmap #cards 512 size 80 coarsen threshold 460 Card regions per heap region 1 cards per card region 4096
 CPUs: 12 total, 12 available
 Memory: 16024M
 Large Page Support: Disabled
 NUMA Support: Disabled
 Compressed Oops: Enabled (Zero based)
 Heap Region Size: 2M
 Heap Min Capacity: 8M
 Heap Initial Capacity: 252M
 Heap Max Capacity: 4008M
 Pre-touch: Disabled
 Parallel Workers: 10
 Concurrent Workers: 3
 Concurrent Refinement Workers: 10
 Periodic GC: Disabled
Heap:
 garbage-first heap   total reserved 4104192K, committed 77824K, used 42412K [0x0000000705800000, 0x0000000800000000)
  region size 2048K, 8 young (16384K), 2 survivors (4096K)
 Metaspace       used 70047K, committed 70592K, reserved 1114112K
  class space    used 7450K, committed 7680K, reserved 1048576K
GC Heap History (20 events):
Event: 8.333 GC heap before
{Heap before GC invocations=1 (full 0):
 garbage-first heap   total reserved 4104192K, committed 260096K, used 48881K [0x0000000705800000, 0x0000000800000000)
  region size 2048K, 23 young (47104K), 3 survivors (6144K)
 Metaspace       used 21272K, committed 21504K, reserved 1114112K
  class space    used 2203K, committed 2304K, reserved 1048576K
}
Event: 8.338 GC heap after
{Heap after GC invocations=2 (full 0):
 garbage-first heap   total reserved 4104192K, committed 260096K, used 14664K [0x0000000705800000, 0x0000000800000000)
  region size 2048K, 6 young (12288K), 6 survivors (12288K)
 Metaspace       used 21272K, committed 21504K, reserved 1114112K
  class space    used 2203K, committed 2304K, reserved 1048576K
}
Event: 9.185 GC heap before
{Heap before GC invocations=3 (full 0):
 garbage-first heap   total reserved 4104192K, committed 61440K, used 57672K [0x0000000705800000, 0x0000000800000000)
  region size 2048K, 27 young (55296K), 6 survivors (12288K)
 Metaspace       used 26476K, committed 26752K, reserved 1114112K
  class space    used 2712K, committed 2816K, reserved 1048576K
}
Event: 9.192 GC heap after
{Heap after GC invocations=4 (full 0):
 garbage-first heap   total reserved 4104192K, committed 77824K, used 18201K [0x0000000705800000, 0x0000000800000000)
  region size 2048K, 4 young (8192K), 4 survivors (8192K)
 Metaspace       used 26476K, committed 26752K, reserved 1114112K
  class space    used 2712K, committed 2816K, reserved 1048576K
}
Event: 9.833 GC heap before
{Heap before GC invocations=4 (full 0):
 garbage-first heap   total reserved 4104192K, committed 77824K, used 53017K [0x0000000705800000, 0x0000000800000000)
  region size 2048K, 21 young (43008K), 4 survivors (8192K)
 Metaspace       used 31928K, committed 32320K, reserved 1114112K
  class space    used 3346K, committed 3520K, reserved 1048576K
}
Event: 9.839 GC heap after
{Heap after GC invocations=5 (full 0):
 garbage-first heap   total reserved 4104192K, committed 77824K, used 20346K [0x0000000705800000, 0x0000000800000000)
  region size 2048K, 2 young (4096K), 2 survivors (4096K)
 Metaspace       used 31928K, committed 32320K, reserved 1114112K
  class space    used 3346K, committed 3520K, reserved 1048576K
}
Event: 10.293 GC heap before
{Heap before GC invocations=5 (full 0):
 garbage-first heap   total reserved 4104192K, committed 77824K, used 38778K [0x0000000705800000, 0x0000000800000000)
  region size 2048K, 12 young (24576K), 2 survivors (4096K)
 Metaspace       used 35581K, committed 35968K, reserved 1114112K
  class space    used 3738K, committed 3904K, reserved 1048576K
}
Event: 10.296 GC heap after
{Heap after GC invocations=6 (full 0):
 garbage-first heap   total reserved 4104192K, committed 77824K, used 21643K [0x0000000705800000, 0x0000000800000000)
  region size 2048K, 3 young (6144K), 3 survivors (6144K)
 Metaspace       used 35581K, committed 35968K, reserved 1114112K
  class space    used 3738K, committed 3904K, reserved 1048576K
}
Event: 11.248 GC heap before
{Heap before GC invocations=7 (full 0):
 garbage-first heap   total reserved 4104192K, committed 77824K, used 56459K [0x0000000705800000, 0x0000000800000000)
  region size 2048K, 21 young (43008K), 3 survivors (6144K)
 Metaspace       used 48660K, committed 49088K, reserved 1114112K
  class space    used 5138K, committed 5312K, reserved 1048576K
}
Event: 11.252 GC heap after
{Heap after GC invocations=8 (full 0):
 garbage-first heap   total reserved 4104192K, committed 77824K, used 24972K [0x0000000705800000, 0x0000000800000000)
  region size 2048K, 3 young (6144K), 3 survivors (6144K)
 Metaspace       used 48660K, committed 49088K, reserved 1114112K
  class space    used 5138K, committed 5312K, reserved 1048576K
}
Event: 11.838 GC heap before
{Heap before GC invocations=8 (full 0):
 garbage-first heap   total reserved 4104192K, committed 77824K, used 57740K [0x0000000705800000, 0x0000000800000000)
  region size 2048K, 20 young (40960K), 3 survivors (6144K)
 Metaspace       used 58595K, committed 59008K, reserved 1114112K
  class space    used 6144K, committed 6336K, reserved 1048576K
}
Event: 11.842 GC heap after
{Heap after GC invocations=9 (full 0):
 garbage-first heap   total reserved 4104192K, committed 77824K, used 26791K [0x0000000705800000, 0x0000000800000000)
  region size 2048K, 2 young (4096K), 2 survivors (4096K)
 Metaspace       used 58595K, committed 59008K, reserved 1114112K
  class space    used 6144K, committed 6336K, reserved 1048576K
}
Event: 11.922 GC heap before
{Heap before GC invocations=9 (full 0):
 garbage-first heap   total reserved 4104192K, committed 77824K, used 30887K [0x0000000705800000, 0x0000000800000000)
  region size 2048K, 5 young (10240K), 2 survivors (4096K)
 Metaspace       used 59708K, committed 60096K, reserved 1114112K
  class space    used 6287K, committed 6464K, reserved 1048576K
}
Event: 11.924 GC heap after
{Heap after GC invocations=10 (full 0):
 garbage-first heap   total reserved 4104192K, committed 77824K, used 26828K [0x0000000705800000, 0x0000000800000000)
  region size 2048K, 2 young (4096K), 2 survivors (4096K)
 Metaspace       used 59708K, committed 60096K, reserved 1114112K
  class space    used 6287K, committed 6464K, reserved 1048576K
}
Event: 12.531 GC heap before
{Heap before GC invocations=11 (full 0):
 garbage-first heap   total reserved 4104192K, committed 77824K, used 61644K [0x0000000705800000, 0x0000000800000000)
  region size 2048K, 20 young (40960K), 2 survivors (4096K)
 Metaspace       used 66055K, committed 66560K, reserved 1114112K
  class space    used 6999K, committed 7232K, reserved 1048576K
}
Event: 12.534 GC heap after
{Heap after GC invocations=12 (full 0):
 garbage-first heap   total reserved 4104192K, committed 77824K, used 29619K [0x0000000705800000, 0x0000000800000000)
  region size 2048K, 3 young (6144K), 3 survivors (6144K)
 Metaspace       used 66055K, committed 66560K, reserved 1114112K
  class space    used 6999K, committed 7232K, reserved 1048576K
}
Event: 178.695 GC heap before
{Heap before GC invocations=12 (full 0):
 garbage-first heap   total reserved 4104192K, committed 77824K, used 64435K [0x0000000705800000, 0x0000000800000000)
  region size 2048K, 20 young (40960K), 3 survivors (6144K)
 Metaspace       used 69767K, committed 70336K, reserved 1114112K
  class space    used 7446K, committed 7680K, reserved 1048576K
}
Event: 178.712 GC heap after
{Heap after GC invocations=13 (full 0):
 garbage-first heap   total reserved 4104192K, committed 77824K, used 31714K [0x0000000705800000, 0x0000000800000000)
  region size 2048K, 3 young (6144K), 3 survivors (6144K)
 Metaspace       used 69767K, committed 70336K, reserved 1114112K
  class space    used 7446K, committed 7680K, reserved 1048576K
}
Event: 1264.942 GC heap before
{Heap before GC invocations=13 (full 0):
 garbage-first heap   total reserved 4104192K, committed 77824K, used 64482K [0x0000000705800000, 0x0000000800000000)
  region size 2048K, 19 young (38912K), 3 survivors (6144K)
 Metaspace       used 69932K, committed 70464K, reserved 1114112K
  class space    used 7446K, committed 7680K, reserved 1048576K
}
Event: 1264.976 GC heap after
{Heap after GC invocations=14 (full 0):
 garbage-first heap   total reserved 4104192K, committed 77824K, used 32172K [0x0000000705800000, 0x0000000800000000)
  region size 2048K, 2 young (4096K), 2 survivors (4096K)
 Metaspace       used 69932K, committed 70464K, reserved 1114112K
  class space    used 7446K, committed 7680K, reserved 1048576K
}

