# JRE version: OpenJDK Runtime Environment (24.0.1+9) (build 24.0.1+9-30)
# Java VM: OpenJDK 64-Bit Server VM (24.0.1+9-30, mixed mode, sharing, tiered, compressed oops, compressed class ptrs, g1 gc, windows-amd64)
GC Precious Log:
 CardTable entry size: 512
 Card Set container configuration: InlinePtr #cards 4 size 8 Array Of Cards #cards 16 size 48 Howl #buckets 8 coarsen threshold 3686 Howl Bitmap #cards 512 size 80 coarsen threshold 460 Card regions per heap region 1 cards per card region 4096
 CPUs: 12 total, 12 available
 Memory: 16024M
 Large Page Support: Disabled
 NUMA Support: Disabled
 Compressed Oops: Enabled (Zero based)
 Heap Region Size: 2M
 Heap Min Capacity: 8M
 Heap Initial Capacity: 252M
 Heap Max Capacity: 4008M
 Pre-touch: Disabled
 Parallel Workers: 10
 Concurrent Workers: 3
 Concurrent Refinement Workers: 10
 Periodic GC: Disabled
Heap:
 garbage-first heap   total reserved 4104192K, committed 69632K, used 49132K [0x0000000705800000, 0x0000000800000000)
  region size 2048K, 13 young (26624K), 2 survivors (4096K)
 Metaspace       used 74894K, committed 75648K, reserved 1179648K
  class space    used 8050K, committed 8384K, reserved 1048576K
GC Heap History (20 events):
Event: 4.708 GC heap before
{Heap before GC invocations=9 (full 0):
 garbage-first heap   total reserved 4104192K, committed 69632K, used 37790K [0x0000000705800000, 0x0000000800000000)
  region size 2048K, 10 young (20480K), 3 survivors (6144K)
 Metaspace       used 59611K, committed 60096K, reserved 1114112K
  class space    used 6299K, committed 6528K, reserved 1048576K
}
Event: 4.711 GC heap after
{Heap after GC invocations=10 (full 0):
 garbage-first heap   total reserved 4104192K, committed 69632K, used 26376K [0x0000000705800000, 0x0000000800000000)
  region size 2048K, 2 young (4096K), 2 survivors (4096K)
 Metaspace       used 59611K, committed 60096K, reserved 1114112K
  class space    used 6299K, committed 6528K, reserved 1048576K
}
Event: 5.228 GC heap before
{Heap before GC invocations=11 (full 0):
 garbage-first heap   total reserved 4104192K, committed 69632K, used 57096K [0x0000000705800000, 0x0000000800000000)
  region size 2048K, 17 young (34816K), 2 survivors (4096K)
 Metaspace       used 65572K, committed 66048K, reserved 1114112K
  class space    used 6960K, committed 7168K, reserved 1048576K
}
Event: 5.230 GC heap after
{Heap after GC invocations=12 (full 0):
 garbage-first heap   total reserved 4104192K, committed 69632K, used 28366K [0x0000000705800000, 0x0000000800000000)
  region size 2048K, 3 young (6144K), 3 survivors (6144K)
 Metaspace       used 65572K, committed 66048K, reserved 1114112K
  class space    used 6960K, committed 7168K, reserved 1048576K
}
Event: 5.741 GC heap before
{Heap before GC invocations=12 (full 0):
 garbage-first heap   total reserved 4104192K, committed 69632K, used 54990K [0x0000000705800000, 0x0000000800000000)
  region size 2048K, 16 young (32768K), 3 survivors (6144K)
 Metaspace       used 68659K, committed 69184K, reserved 1114112K
  class space    used 7327K, committed 7552K, reserved 1048576K
}
Event: 5.745 GC heap after
{Heap after GC invocations=13 (full 0):
 garbage-first heap   total reserved 4104192K, committed 69632K, used 30678K [0x0000000705800000, 0x0000000800000000)
  region size 2048K, 2 young (4096K), 2 survivors (4096K)
 Metaspace       used 68659K, committed 69184K, reserved 1114112K
  class space    used 7327K, committed 7552K, reserved 1048576K
}
Event: 214.339 GC heap before
{Heap before GC invocations=13 (full 0):
 garbage-first heap   total reserved 4104192K, committed 69632K, used 55254K [0x0000000705800000, 0x0000000800000000)
  region size 2048K, 15 young (30720K), 2 survivors (4096K)
 Metaspace       used 74596K, committed 75136K, reserved 1179648K
  class space    used 8088K, committed 8320K, reserved 1048576K
}
Event: 214.346 GC heap after
{Heap after GC invocations=14 (full 0):
 garbage-first heap   total reserved 4104192K, committed 69632K, used 32011K [0x0000000705800000, 0x0000000800000000)
  region size 2048K, 1 young (2048K), 1 survivors (2048K)
 Metaspace       used 74596K, committed 75136K, reserved 1179648K
  class space    used 8088K, committed 8320K, reserved 1048576K
}
Event: 5661.980 GC heap before
{Heap before GC invocations=14 (full 0):
 garbage-first heap   total reserved 4104192K, committed 69632K, used 60683K [0x0000000705800000, 0x0000000800000000)
  region size 2048K, 15 young (30720K), 1 survivors (2048K)
 Metaspace       used 74879K, committed 75520K, reserved 1179648K
  class space    used 8093K, committed 8384K, reserved 1048576K
}
Event: 5661.995 GC heap after
{Heap after GC invocations=15 (full 0):
 garbage-first heap   total reserved 4104192K, committed 69632K, used 32508K [0x0000000705800000, 0x0000000800000000)
  region size 2048K, 1 young (2048K), 1 survivors (2048K)
 Metaspace       used 74879K, committed 75520K, reserved 1179648K
  class space    used 8093K, committed 8384K, reserved 1048576K
}
Event: 6624.559 GC heap before
{Heap before GC invocations=16 (full 0):
 garbage-first heap   total reserved 4104192K, committed 69632K, used 61180K [0x0000000705800000, 0x0000000800000000)
  region size 2048K, 15 young (30720K), 1 survivors (2048K)
 Metaspace       used 74792K, committed 75584K, reserved 1179648K
  class space    used 8049K, committed 8384K, reserved 1048576K
}
Event: 6624.567 GC heap after
{Heap after GC invocations=17 (full 0):
 garbage-first heap   total reserved 4104192K, committed 69632K, used 32715K [0x0000000705800000, 0x0000000800000000)
  region size 2048K, 1 young (2048K), 1 survivors (2048K)
 Metaspace       used 74792K, committed 75584K, reserved 1179648K
  class space    used 8049K, committed 8384K, reserved 1048576K
}
Event: 7612.081 GC heap before
{Heap before GC invocations=17 (full 0):
 garbage-first heap   total reserved 4104192K, committed 69632K, used 61387K [0x0000000705800000, 0x0000000800000000)
  region size 2048K, 15 young (30720K), 1 survivors (2048K)
 Metaspace       used 74818K, committed 75584K, reserved 1179648K
  class space    used 8050K, committed 8384K, reserved 1048576K
}
Event: 7612.113 GC heap after
{Heap after GC invocations=18 (full 0):
 garbage-first heap   total reserved 4104192K, committed 69632K, used 29100K [0x0000000705800000, 0x0000000800000000)
  region size 2048K, 1 young (2048K), 1 survivors (2048K)
 Metaspace       used 74818K, committed 75584K, reserved 1179648K
  class space    used 8050K, committed 8384K, reserved 1048576K
}
Event: 8592.384 GC heap before
{Heap before GC invocations=18 (full 0):
 garbage-first heap   total reserved 4104192K, committed 69632K, used 59820K [0x0000000705800000, 0x0000000800000000)
  region size 2048K, 16 young (32768K), 1 survivors (2048K)
 Metaspace       used 74846K, committed 75584K, reserved 1179648K
  class space    used 8050K, committed 8384K, reserved 1048576K
}
Event: 8592.397 GC heap after
{Heap after GC invocations=19 (full 0):
 garbage-first heap   total reserved 4104192K, committed 69632K, used 29255K [0x0000000705800000, 0x0000000800000000)
  region size 2048K, 1 young (2048K), 1 survivors (2048K)
 Metaspace       used 74846K, committed 75584K, reserved 1179648K
  class space    used 8050K, committed 8384K, reserved 1048576K
}
Event: 9695.410 GC heap before
{Heap before GC invocations=20 (full 0):
 garbage-first heap   total reserved 4104192K, committed 69632K, used 59975K [0x0000000705800000, 0x0000000800000000)
  region size 2048K, 16 young (32768K), 1 survivors (2048K)
 Metaspace       used 74857K, committed 75648K, reserved 1179648K
  class space    used 8050K, committed 8384K, reserved 1048576K
}
Event: 9695.422 GC heap after
{Heap after GC invocations=21 (full 0):
 garbage-first heap   total reserved 4104192K, committed 69632K, used 29033K [0x0000000705800000, 0x0000000800000000)
  region size 2048K, 1 young (2048K), 1 survivors (2048K)
 Metaspace       used 74857K, committed 75648K, reserved 1179648K
  class space    used 8050K, committed 8384K, reserved 1048576K
}
Event: 10678.544 GC heap before
{Heap before GC invocations=21 (full 0):
 garbage-first heap   total reserved 4104192K, committed 69632K, used 59753K [0x0000000705800000, 0x0000000800000000)
  region size 2048K, 16 young (32768K), 1 survivors (2048K)
 Metaspace       used 74880K, committed 75648K, reserved 1179648K
  class space    used 8050K, committed 8384K, reserved 1048576K
}
Event: 10678.576 GC heap after
{Heap after GC invocations=22 (full 0):
 garbage-first heap   total reserved 4104192K, committed 69632K, used 28652K [0x0000000705800000, 0x0000000800000000)
  region size 2048K, 2 young (4096K), 2 survivors (4096K)
 Metaspace       used 74880K, committed 75648K, reserved 1179648K
  class space    used 8050K, committed 8384K, reserved 1048576K
}

